%!Adobe-FontList 1.22
%Locale:0x41f

%BeginFont
Handler:DirectoryHandler
FontType:TrueType
FontName:RifficFree-Bold
FamilyName:Riffic Free
StyleName:Bold
FullName:Riffic Free Bold
MenuName:Riffic Free Medium
StyleBits:2
WritingScript:Roman
OutlineFileName:C:\Users\Art02\Desktop\asif_dosya\MARKETİNG\Font\RifficFree-Bold.ttf
DataFormat:sfntData
hasSVG:no
VariableFontType:NonVariableFont
FileLength:98192
FileModTime:1621310176
WeightClass:700
WidthClass:5
AngleClass:0
NameArray:0,Mac,4,Riffic Free Bold
NameArray:0,Win,1,Riffic Free Medium
NameArray:0,Win,16,Riffic Free
%EndFont

